2024-10-04 00:29:52,441 INFO notifyConnectTimeout:200

2024-10-04 00:29:52,445 INFO notifySocketTimeout:8000

2024-10-04 00:29:52,445 INFO isHealthCheck:true

2024-10-04 00:29:52,445 INFO maxHealthCheckFailCount:12

2024-10-04 00:29:52,445 INFO maxContent:10485760

2024-10-04 00:30:06,001 INFO use local db service for init

2024-10-04 00:30:08,341 WARN Lexical error at line 4, column 66.  Encountered: <EOF> after : "".

2024-10-04 00:30:08,422 WARN Syntax error: Encountered "*" at line 1, column 1.

2024-10-04 00:30:08,682 WARN Lexical error at line 4, column 13.  Encountered: "`" (96), after : "".

2024-10-04 00:30:08,682 WARN Lexical error at line 1, column 13.  Encountered: "`" (96), after : "".

2024-10-04 00:30:08,682 WARN Lexical error at line 1, column 13.  Encountered: "`" (96), after : "".

2024-10-04 00:30:08,683 WARN Lexical error at line 1, column 13.  Encountered: "`" (96), after : "".

2024-10-04 00:30:08,683 INFO use StandaloneDatabaseOperateImpl

2024-10-04 00:30:10,457 WARN DumpService start

2024-10-04 00:30:10,458 INFO start clear all config-info.

2024-10-04 00:30:10,459 WARN clear all config-info failed.

2024-10-04 00:30:10,459 WARN clear all config-info-tenant failed.

2024-10-04 00:30:10,513 INFO start clear all config-info-beta.

2024-10-04 00:30:10,513 WARN clear all config-info-beta failed.

2024-10-04 00:30:10,513 WARN clear all config-info-beta-tenant failed.

2024-10-04 00:30:10,523 INFO start clear all config-info-tag.

2024-10-04 00:30:10,523 WARN clear all config-info-tag failed.

2024-10-04 00:30:10,523 WARN clear all config-info-tag-tenant failed.

2024-10-04 08:52:18,212 INFO notifyConnectTimeout:200

2024-10-04 08:52:18,217 INFO notifySocketTimeout:8000

2024-10-04 08:52:18,218 INFO isHealthCheck:true

2024-10-04 08:52:18,218 INFO maxHealthCheckFailCount:12

2024-10-04 08:52:18,218 INFO maxContent:10485760

2024-10-04 08:52:28,304 INFO use local db service for init

2024-10-04 08:52:30,055 WARN Lexical error at line 4, column 66.  Encountered: <EOF> after : "".

2024-10-04 08:52:30,117 WARN Syntax error: Encountered "*" at line 1, column 1.

2024-10-04 08:52:30,158 WARN Table/View 'CONFIG_INFO' already exists in Schema 'NACOS'.

2024-10-04 08:52:30,251 WARN Table/View 'HIS_CONFIG_INFO' already exists in Schema 'NACOS'.

2024-10-04 08:52:30,265 WARN Table/View 'CONFIG_INFO_BETA' already exists in Schema 'NACOS'.

2024-10-04 08:52:30,272 WARN Table/View 'CONFIG_INFO_TAG' already exists in Schema 'NACOS'.

2024-10-04 08:52:30,279 WARN Table/View 'CONFIG_INFO_AGGR' already exists in Schema 'NACOS'.

2024-10-04 08:52:30,286 WARN Table/View 'APP_LIST' already exists in Schema 'NACOS'.

2024-10-04 08:52:30,292 WARN Table/View 'APP_CONFIGDATA_RELATION_SUBS' already exists in Schema 'NACOS'.

2024-10-04 08:52:30,298 WARN Table/View 'APP_CONFIGDATA_RELATION_PUBS' already exists in Schema 'NACOS'.

2024-10-04 08:52:30,304 WARN Table/View 'CONFIG_TAGS_RELATION' already exists in Schema 'NACOS'.

2024-10-04 08:52:30,313 WARN Table/View 'GROUP_CAPACITY' already exists in Schema 'NACOS'.

2024-10-04 08:52:30,319 WARN Table/View 'TENANT_CAPACITY' already exists in Schema 'NACOS'.

2024-10-04 08:52:30,323 WARN Table/View 'TENANT_INFO' already exists in Schema 'NACOS'.

2024-10-04 08:52:30,331 WARN Table/View 'USERS' already exists in Schema 'NACOS'.

2024-10-04 08:52:30,338 WARN Table/View 'ROLES' already exists in Schema 'NACOS'.

2024-10-04 08:52:30,343 WARN Table/View 'PERMISSIONS' already exists in Schema 'NACOS'.

2024-10-04 08:52:30,455 WARN The statement was aborted because it would have caused a duplicate key value in a unique or primary key constraint or unique index identified by 'SQL241004003008600' defined on 'USERS'.

2024-10-04 08:52:30,459 WARN The statement was aborted because it would have caused a duplicate key value in a unique or primary key constraint or unique index identified by 'UK_USERNAME_ROLE' defined on 'ROLES'.

2024-10-04 08:52:30,459 WARN Lexical error at line 4, column 13.  Encountered: "`" (96), after : "".

2024-10-04 08:52:30,460 WARN Lexical error at line 1, column 13.  Encountered: "`" (96), after : "".

2024-10-04 08:52:30,460 WARN Lexical error at line 1, column 13.  Encountered: "`" (96), after : "".

2024-10-04 08:52:30,460 WARN Lexical error at line 1, column 13.  Encountered: "`" (96), after : "".

2024-10-04 08:52:30,460 INFO use StandaloneDatabaseOperateImpl

2024-10-04 08:52:32,083 WARN DumpService start

2024-10-04 08:52:32,084 INFO start clear all config-info.

2024-10-04 08:52:32,085 WARN clear all config-info failed.

2024-10-04 08:52:32,085 WARN clear all config-info-tenant failed.

2024-10-04 08:52:32,132 INFO start clear all config-info-beta.

2024-10-04 08:52:32,132 WARN clear all config-info-beta failed.

2024-10-04 08:52:32,132 WARN clear all config-info-beta-tenant failed.

2024-10-04 08:52:32,141 INFO start clear all config-info-tag.

2024-10-04 08:52:32,141 WARN clear all config-info-tag failed.

2024-10-04 08:52:32,141 WARN clear all config-info-tag-tenant failed.

