2024-10-04 00:30:09,507 INFO raft peers changed: [Member{ip='192.168.43.73', port=8848, state=UP, extendInfo={raftPort=7848}}]

2024-10-04 00:30:09,554 INFO initializing Raft sub-system

2024-10-04 00:30:09,557 INFO finish loading all datums, size: 0 cost 3 ms.

2024-10-04 00:30:09,569 INFO cache loaded, datum count: 0, current term: 0

2024-10-04 00:30:09,569 INFO finish to load data from disk, cost: 15 ms.

2024-10-04 00:30:09,573 INFO timer started: leader timeout ms: 15000, heart-beat timeout ms: 5000

2024-10-04 00:30:10,284 INFO add listener: com.alibaba.nacos.naming.domains.meta.00-00---000-NACOS_SWITCH_DOMAIN-000---00-00

2024-10-04 00:30:10,300 INFO add listener: com.alibaba.nacos.naming.domains.meta.

2024-10-04 00:30:14,498 WARN start to close old raft protocol!!!

2024-10-04 00:30:14,498 WARN stop old raft protocol task for notifier

2024-10-04 00:30:14,498 WARN stop old raft protocol task for master task

2024-10-04 00:30:14,498 WARN stop old raft protocol task for heartbeat task

2024-10-04 00:30:14,498 WARN clean old cache datum for old raft

2024-10-04 00:30:14,498 WARN start to close old raft protocol!!!

2024-10-04 00:30:14,498 WARN stop old raft protocol task for notifier

2024-10-04 00:30:14,498 WARN stop old raft protocol task for master task

2024-10-04 00:30:14,498 WARN stop old raft protocol task for heartbeat task

2024-10-04 00:30:14,498 WARN clean old cache datum for old raft

2024-10-04 00:30:14,498 WARN start to move old raft protocol metadata

2024-10-04 00:30:14,502 WARN start to move old raft protocol metadata

2024-10-04 00:30:14,504 INFO raft peers changed: [Member{ip='192.168.43.73', port=8848, state=UP, extendInfo={lastRefreshTime=1727973014502, raftPort=7848, version=1.4.1}}]

2024-10-04 00:31:13,846 INFO add listener: com.alibaba.nacos.naming.iplist.public##DEFAULT_GROUP@@service-core

2024-10-04 00:36:30,319 INFO [RAFT-NOTIFIER] datum is deleted, key: com.alibaba.nacos.naming.domains.meta.public##DEFAULT_GROUP@@service-core

2024-10-04 00:40:08,563 INFO add listener: com.alibaba.nacos.naming.iplist.public##DEFAULT_GROUP@@service-core

2024-10-04 08:52:31,295 INFO raft peers changed: [Member{ip='192.168.0.101', port=8848, state=UP, extendInfo={raftPort=7848}}]

2024-10-04 08:52:31,323 INFO initializing Raft sub-system

2024-10-04 08:52:31,324 INFO finish loading all datums, size: 0 cost 0 ms.

2024-10-04 08:52:31,331 INFO cache loaded, datum count: 0, current term: 0

2024-10-04 08:52:31,331 INFO finish to load data from disk, cost: 7 ms.

2024-10-04 08:52:31,334 INFO timer started: leader timeout ms: 15000, heart-beat timeout ms: 5000

2024-10-04 08:52:31,932 INFO add listener: com.alibaba.nacos.naming.domains.meta.00-00---000-NACOS_SWITCH_DOMAIN-000---00-00

2024-10-04 08:52:31,947 INFO add listener: com.alibaba.nacos.naming.domains.meta.

2024-10-04 08:52:36,281 WARN start to close old raft protocol!!!

2024-10-04 08:52:36,281 WARN stop old raft protocol task for notifier

2024-10-04 08:52:36,281 WARN stop old raft protocol task for master task

2024-10-04 08:52:36,281 WARN stop old raft protocol task for heartbeat task

2024-10-04 08:52:36,281 WARN clean old cache datum for old raft

2024-10-04 08:52:36,281 WARN start to close old raft protocol!!!

2024-10-04 08:52:36,282 WARN stop old raft protocol task for notifier

2024-10-04 08:52:36,282 WARN stop old raft protocol task for master task

2024-10-04 08:52:36,282 WARN stop old raft protocol task for heartbeat task

2024-10-04 08:52:36,282 WARN clean old cache datum for old raft

2024-10-04 08:52:36,282 WARN start to move old raft protocol metadata

2024-10-04 08:52:36,286 WARN start to move old raft protocol metadata

2024-10-04 08:52:36,288 INFO raft peers changed: [Member{ip='192.168.0.101', port=8848, state=UP, extendInfo={lastRefreshTime=1728003156286, raftPort=7848, version=1.4.1}}]

2024-10-04 09:09:21,178 INFO add listener: com.alibaba.nacos.naming.iplist.public##DEFAULT_GROUP@@service-core

2024-10-04 09:09:22,449 INFO add listener: com.alibaba.nacos.naming.iplist.public##DEFAULT_GROUP@@service-sms

2024-10-04 09:09:25,690 INFO add listener: com.alibaba.nacos.naming.iplist.public##DEFAULT_GROUP@@service-gateway

